<?xml version="1.0" encoding="UTF-8"?>
<!-- Generated by org.testng.reporters.JUnitReportReporter -->
<testsuite skipped="0" hostname="WFMAC22.local" name="com.worldfirst.it.settlementMethods.USClientSendingUSDTest" tests="3" failures="0" timestamp="01 Jun 2018 16:53:00 GMT" time="2.476" errors="0">
  <testcase name="USClientSendsUSDTest" time="0.161" classname="com.worldfirst.it.settlementMethods.USClientSendingUSDTest"/>
  <testcase name="USClientSendsGBPTest" time="0.180" classname="com.worldfirst.it.settlementMethods.USClientSendingUSDTest"/>
  <testcase name="USClientSendsEURTest" time="2.135" classname="com.worldfirst.it.settlementMethods.USClientSendingUSDTest"/>
</testsuite> <!-- com.worldfirst.it.settlementMethods.USClientSendingUSDTest -->
