<?xml version="1.0" encoding="UTF-8"?>
<!-- Generated by org.testng.reporters.JUnitReportReporter -->
<testsuite skipped="0" hostname="WFMAC22.local" name="com.worldfirst.it.fundsInToRecipients.QuoteAndBookTest" tests="2" failures="0" timestamp="05 Jun 2018 14:08:33 GMT" time="3.775" errors="0">
  <testcase name="requestAQuoteTest" time="3.514" classname="com.worldfirst.it.fundsInToRecipients.QuoteAndBookTest"/>
  <testcase name="bookAQuoteTest" time="0.261" classname="com.worldfirst.it.fundsInToRecipients.QuoteAndBookTest"/>
</testsuite> <!-- com.worldfirst.it.fundsInToRecipients.QuoteAndBookTest -->
