<?xml version="1.0" encoding="UTF-8"?>
<!-- Generated by org.testng.reporters.JUnitReportReporter -->
<testsuite skipped="0" hostname="WFMAC22.local" name="com.worldfirst.it.settlementMethods.USClientSendingGBPTest" tests="1" failures="0" timestamp="01 Jun 2018 16:47:47 GMT" time="2.248" errors="0">
  <testcase name="USClientSendsGBPTest" time="2.248" classname="com.worldfirst.it.settlementMethods.USClientSendingGBPTest"/>
</testsuite> <!-- com.worldfirst.it.settlementMethods.USClientSendingGBPTest -->
