<?xml version="1.0" encoding="UTF-8"?>
<!-- Generated by org.testng.reporters.JUnitReportReporter -->
<testsuite skipped="0" hostname="WFMAC22.local" name="com.worldfirst.it.receivingBankTest.GLZCitiBankTest" tests="2" failures="0" timestamp="25 Jun 2018 07:59:03 GMT" time="2.453" errors="0">
  <testcase name="quoteGLZCitiBankTest" time="1.729" classname="com.worldfirst.it.receivingBankTest.GLZCitiBankTest"/>
  <testcase name="bookGLZCitiBankTest" time="0.724" classname="com.worldfirst.it.receivingBankTest.GLZCitiBankTest"/>
</testsuite> <!-- com.worldfirst.it.receivingBankTest.GLZCitiBankTest -->
