<?xml version="1.0" encoding="UTF-8"?>
<!-- Generated by org.testng.reporters.JUnitReportReporter -->
<testsuite skipped="0" hostname="WFMAC22.local" name="com.worldfirst.it.fundsInToRecipients.receivingBankBarclaysTest" tests="2" failures="0" timestamp="05 Jun 2018 14:37:20 GMT" time="3.638" errors="0">
  <testcase name="bookReceivingBankBarclaysTest" time="0.263" classname="com.worldfirst.it.fundsInToRecipients.receivingBankBarclaysTest"/>
  <testcase name="quoteReceivingBankBarclaysTest" time="3.375" classname="com.worldfirst.it.fundsInToRecipients.receivingBankBarclaysTest"/>
</testsuite> <!-- com.worldfirst.it.fundsInToRecipients.receivingBankBarclaysTest -->
