<?xml version="1.0" encoding="UTF-8"?>
<!-- Generated by org.testng.reporters.JUnitReportReporter -->
<testsuite skipped="0" hostname="WFMAC22.local" name="com.worldfirst.it.fundsInToRecipients.GLPreceivingBankBarclaysTest" tests="2" failures="0" timestamp="08 Jun 2018 15:07:24 GMT" time="3.598" errors="0">
  <testcase name="bookReceivingBankBarclaysTest" time="1.450" classname="com.worldfirst.it.fundsInToRecipients.GLPreceivingBankBarclaysTest"/>
  <testcase name="quoteReceivingBankBarclaysTest" time="2.148" classname="com.worldfirst.it.fundsInToRecipients.GLPreceivingBankBarclaysTest"/>
</testsuite> <!-- com.worldfirst.it.fundsInToRecipients.GLPreceivingBankBarclaysTest -->
