<?xml version="1.0" encoding="UTF-8"?>
<!-- Generated by org.testng.reporters.JUnitReportReporter -->
<testsuite skipped="0" hostname="WFMAC22.local" name="com.worldfirst.it.fundsInToRecipients.InverseRateEqualsAppliedRateTest" tests="1" failures="0" timestamp="08 Jun 2018 15:08:50 GMT" time="3.269" errors="0">
  <testcase name="InverseRateEqualsAppliedRate" time="3.269" classname="com.worldfirst.it.fundsInToRecipients.InverseRateEqualsAppliedRateTest"/>
</testsuite> <!-- com.worldfirst.it.fundsInToRecipients.InverseRateEqualsAppliedRateTest -->
