<?xml version="1.0" encoding="UTF-8"?>
<!-- Generated by org.testng.reporters.JUnitReportReporter -->
<testsuite skipped="0" hostname="WFMAC22.local" name="com.worldfirst.it.fundsInToRecipients.GLCreceivingBankBarclaysTest" tests="2" failures="0" timestamp="08 Jun 2018 15:05:19 GMT" time="3.953" errors="0">
  <testcase name="bookGLCReceivingBankBarclaysTest" time="1.536" classname="com.worldfirst.it.fundsInToRecipients.GLCreceivingBankBarclaysTest"/>
  <testcase name="quoteGLCReceivingBankBarclaysTest" time="2.417" classname="com.worldfirst.it.fundsInToRecipients.GLCreceivingBankBarclaysTest"/>
</testsuite> <!-- com.worldfirst.it.fundsInToRecipients.GLCreceivingBankBarclaysTest -->
