<?xml version="1.0" encoding="UTF-8"?>
<!-- Generated by org.testng.reporters.JUnitReportReporter -->
<testsuite skipped="0" hostname="WFMAC22.local" name="com.worldfirst.it.receivingBankTest.GLZBarclaysTest" tests="2" failures="0" timestamp="08 Jun 2018 16:36:41 GMT" time="1.213" errors="0">
  <testcase name="bookGLZBarclaysTest" time="0.462" classname="com.worldfirst.it.receivingBankTest.GLZBarclaysTest"/>
  <testcase name="quoteGLZBarclaysTest" time="0.751" classname="com.worldfirst.it.receivingBankTest.GLZBarclaysTest"/>
</testsuite> <!-- com.worldfirst.it.receivingBankTest.GLZBarclaysTest -->
