<?xml version="1.0" encoding="UTF-8"?>
<!-- Generated by org.testng.reporters.JUnitReportReporter -->
<testsuite skipped="0" hostname="WFMAC22.local" name="com.worldfirst.it.receivingBankTest.USCCitiBankTest" tests="2" failures="0" timestamp="25 Jun 2018 07:59:03 GMT" time="1.415" errors="0">
  <testcase name="bookUSCCitiBankTest" time="0.392" classname="com.worldfirst.it.receivingBankTest.USCCitiBankTest"/>
  <testcase name="quoteUSCCitiBankTest" time="1.023" classname="com.worldfirst.it.receivingBankTest.USCCitiBankTest"/>
</testsuite> <!-- com.worldfirst.it.receivingBankTest.USCCitiBankTest -->
