<?xml version="1.0" encoding="UTF-8"?>
<!-- Generated by org.testng.reporters.JUnitReportReporter -->
<testsuite skipped="0" hostname="WFMAC22.local" name="com.worldfirst.it.settlementMethods.USClientSendingVariousCurrencies" tests="6" failures="0" timestamp="01 Jun 2018 17:04:15 GMT" time="0.919" errors="0">
  <testcase name="USClientSendsGBPTest" time="0.158" classname="com.worldfirst.it.settlementMethods.USClientSendingVariousCurrencies"/>
  <testcase name="USClientSendsAUDTest" time="0.163" classname="com.worldfirst.it.settlementMethods.USClientSendingVariousCurrencies"/>
  <testcase name="USClientSendsUSDTest" time="0.148" classname="com.worldfirst.it.settlementMethods.USClientSendingVariousCurrencies"/>
  <testcase name="USClientSendsPLNTest" time="0.149" classname="com.worldfirst.it.settlementMethods.USClientSendingVariousCurrencies"/>
  <testcase name="USClientSendsCADTest" time="0.147" classname="com.worldfirst.it.settlementMethods.USClientSendingVariousCurrencies"/>
  <testcase name="USClientSendsEURTest" time="0.154" classname="com.worldfirst.it.settlementMethods.USClientSendingVariousCurrencies"/>
</testsuite> <!-- com.worldfirst.it.settlementMethods.USClientSendingVariousCurrencies -->
