<?xml version="1.0" encoding="UTF-8"?>
<!-- Generated by org.testng.reporters.JUnitReportReporter -->
<testsuite skipped="0" hostname="WFMAC22.local" name="com.worldfirst.it.receivingBankTest.GLPBarclaysTest" tests="2" failures="0" timestamp="08 Jun 2018 16:36:41 GMT" time="0.969" errors="0">
  <testcase name="quoteGLPBarclaysTest" time="0.740" classname="com.worldfirst.it.receivingBankTest.GLPBarclaysTest"/>
  <testcase name="bookGLPBarclaysTest" time="0.229" classname="com.worldfirst.it.receivingBankTest.GLPBarclaysTest"/>
</testsuite> <!-- com.worldfirst.it.receivingBankTest.GLPBarclaysTest -->
