<?xml version="1.0" encoding="UTF-8"?>
<!-- Generated by org.testng.reporters.JUnitReportReporter -->
<testsuite skipped="0" hostname="WFMAC22.local" name="com.worldfirst.it.settlementMethods.USClientSendingVariousCurrencies" tests="6" failures="0" timestamp="05 Jun 2018 13:49:00 GMT" time="1.217" errors="0">
  <testcase name="USClientSendsGBPTest" time="0.220" classname="com.worldfirst.it.settlementMethods.USClientSendingVariousCurrencies"/>
  <testcase name="USClientSendsCADTest" time="0.191" classname="com.worldfirst.it.settlementMethods.USClientSendingVariousCurrencies"/>
  <testcase name="USClientSendsAUDTest" time="0.267" classname="com.worldfirst.it.settlementMethods.USClientSendingVariousCurrencies"/>
  <testcase name="USClientSendsEURTest" time="0.183" classname="com.worldfirst.it.settlementMethods.USClientSendingVariousCurrencies"/>
  <testcase name="USClientSendsUSDTest" time="0.196" classname="com.worldfirst.it.settlementMethods.USClientSendingVariousCurrencies"/>
  <testcase name="USClientSendsPLNTest" time="0.160" classname="com.worldfirst.it.settlementMethods.USClientSendingVariousCurrencies"/>
</testsuite> <!-- com.worldfirst.it.settlementMethods.USClientSendingVariousCurrencies -->
