<?xml version="1.0" encoding="UTF-8"?>
<!-- Generated by org.testng.reporters.JUnitReportReporter -->
<testsuite skipped="0" hostname="WFMAC22.local" name="com.worldfirst.it.receivingBankTest.GLCBarclaysTest" tests="2" failures="0" timestamp="08 Jun 2018 16:36:41 GMT" time="4.355" errors="0">
  <testcase name="quoteGLCBarclaysTest" time="2.919" classname="com.worldfirst.it.receivingBankTest.GLCBarclaysTest"/>
  <testcase name="bookGLCBarclaysTest" time="1.436" classname="com.worldfirst.it.receivingBankTest.GLCBarclaysTest"/>
</testsuite> <!-- com.worldfirst.it.receivingBankTest.GLCBarclaysTest -->
