<?xml version="1.0" encoding="UTF-8"?>
<!-- Generated by org.testng.reporters.JUnitReportReporter -->
<testsuite skipped="0" hostname="WFMAC22.local" name="com.worldfirst.it.fundsInToRecipients.InverseRateEqualsAppliedRateTest" tests="1" failures="0" timestamp="25 Jun 2018 07:59:03 GMT" time="1.461" errors="0">
  <testcase name="InverseRateEqualsAppliedRate" time="1.461" classname="com.worldfirst.it.fundsInToRecipients.InverseRateEqualsAppliedRateTest"/>
</testsuite> <!-- com.worldfirst.it.fundsInToRecipients.InverseRateEqualsAppliedRateTest -->
