<?xml version="1.0" encoding="UTF-8"?>
<!-- Generated by org.testng.reporters.JUnitReportReporter -->
<testsuite skipped="0" hostname="WFMAC22.local" name="com.worldfirst.it.receivingBankTest.GLZCitiBankTest" tests="2" failures="0" timestamp="08 Jun 2018 16:36:41 GMT" time="1.386" errors="0">
  <testcase name="quoteGLZCitiBankTest" time="0.830" classname="com.worldfirst.it.receivingBankTest.GLZCitiBankTest"/>
  <testcase name="bookGLZCitiBankTest" time="0.556" classname="com.worldfirst.it.receivingBankTest.GLZCitiBankTest"/>
</testsuite> <!-- com.worldfirst.it.receivingBankTest.GLZCitiBankTest -->
