<?xml version="1.0" encoding="UTF-8"?>
<!-- Generated by org.testng.reporters.JUnitReportReporter -->
<testsuite skipped="0" hostname="WFMAC22.local" name="com.worldfirst.it.receivingBankTest.GLPCitiBankTest" tests="2" failures="0" timestamp="25 Jun 2018 07:59:03 GMT" time="1.486" errors="0">
  <testcase name="quoteGLPCitiBankTest" time="1.049" classname="com.worldfirst.it.receivingBankTest.GLPCitiBankTest"/>
  <testcase name="bookGLPCitiBankTest" time="0.437" classname="com.worldfirst.it.receivingBankTest.GLPCitiBankTest"/>
</testsuite> <!-- com.worldfirst.it.receivingBankTest.GLPCitiBankTest -->
