<?xml version="1.0" encoding="UTF-8"?>
<!-- Generated by org.testng.reporters.JUnitReportReporter -->
<testsuite skipped="0" hostname="WFMAC22.local" name="com.worldfirst.it.receivingBankTest.GLPCitiBankTest" tests="2" failures="0" timestamp="08 Jun 2018 16:36:41 GMT" time="1.037" errors="0">
  <testcase name="quoteGLPCitiBankTest" time="0.794" classname="com.worldfirst.it.receivingBankTest.GLPCitiBankTest"/>
  <testcase name="bookGLPCitiBankTest" time="0.243" classname="com.worldfirst.it.receivingBankTest.GLPCitiBankTest"/>
</testsuite> <!-- com.worldfirst.it.receivingBankTest.GLPCitiBankTest -->
