<?xml version="1.0" encoding="UTF-8"?>
<!-- Generated by org.testng.reporters.JUnitReportReporter -->
<testsuite skipped="0" hostname="WFMAC22.local" name="com.worldfirst.it.receivingBankTest.GLCBarclaysTest" tests="2" failures="0" timestamp="25 Jun 2018 07:59:03 GMT" time="4.079" errors="0">
  <testcase name="quoteGLCBarclaysTest" time="2.625" classname="com.worldfirst.it.receivingBankTest.GLCBarclaysTest"/>
  <testcase name="bookGLCBarclaysTest" time="1.454" classname="com.worldfirst.it.receivingBankTest.GLCBarclaysTest"/>
</testsuite> <!-- com.worldfirst.it.receivingBankTest.GLCBarclaysTest -->
