<?xml version="1.0" encoding="UTF-8"?>
<!-- Generated by org.testng.reporters.JUnitReportReporter -->
<testsuite skipped="0" hostname="WFMAC22.local" name="com.worldfirst.it.settlementMethods.USClientSendingEURTest" tests="1" failures="0" timestamp="01 Jun 2018 16:49:47 GMT" time="2.089" errors="0">
  <testcase name="USClientSendsEURTest" time="2.089" classname="com.worldfirst.it.settlementMethods.USClientSendingEURTest"/>
</testsuite> <!-- com.worldfirst.it.settlementMethods.USClientSendingEURTest -->
