<?xml version="1.0" encoding="UTF-8"?>
<!-- Generated by org.testng.reporters.JUnitReportReporter -->
<testsuite skipped="0" hostname="WFMAC22.local" name="com.worldfirst.it.receivingBankTest.GLPBarclaysTest" tests="2" failures="0" timestamp="25 Jun 2018 07:59:03 GMT" time="1.419" errors="0">
  <testcase name="quoteGLPBarclaysTest" time="1.039" classname="com.worldfirst.it.receivingBankTest.GLPBarclaysTest"/>
  <testcase name="bookGLPBarclaysTest" time="0.380" classname="com.worldfirst.it.receivingBankTest.GLPBarclaysTest"/>
</testsuite> <!-- com.worldfirst.it.receivingBankTest.GLPBarclaysTest -->
