<?xml version="1.0" encoding="UTF-8"?>
<!-- Generated by org.testng.reporters.JUnitReportReporter -->
<testsuite skipped="0" hostname="WFMAC22.local" name="com.worldfirst.it.fundsInToRecipients.QuoteAndBookTest" tests="2" failures="0" timestamp="08 Jun 2018 15:09:48 GMT" time="3.606" errors="0">
  <testcase name="requestAQuoteTest" time="3.361" classname="com.worldfirst.it.fundsInToRecipients.QuoteAndBookTest"/>
  <testcase name="bookAQuoteTest" time="0.245" classname="com.worldfirst.it.fundsInToRecipients.QuoteAndBookTest"/>
</testsuite> <!-- com.worldfirst.it.fundsInToRecipients.QuoteAndBookTest -->
