<?xml version="1.0" encoding="UTF-8"?>
<!-- Generated by org.testng.reporters.JUnitReportReporter -->
<testsuite skipped="0" hostname="WFMAC22.local" name="com.worldfirst.it.fundsInToRecipients.QuoteAndBook" tests="2" failures="0" timestamp="01 Jun 2018 15:27:52 GMT" time="3.198" errors="0">
  <testcase name="requestAQuote" time="2.042" classname="com.worldfirst.it.fundsInToRecipients.QuoteAndBook"/>
  <testcase name="bookAQuote" time="1.156" classname="com.worldfirst.it.fundsInToRecipients.QuoteAndBook"/>
</testsuite> <!-- com.worldfirst.it.fundsInToRecipients.QuoteAndBook -->
