<?xml version="1.0" encoding="UTF-8"?>
<!-- Generated by org.testng.reporters.JUnitReportReporter -->
<testsuite skipped="0" hostname="WFMAC22.local" name="com.worldfirst.it.fundsInToRecipients.InverseRateEqualsAppliedRateTest" tests="1" failures="0" timestamp="01 Jun 2018 17:04:15 GMT" time="0.661" errors="0">
  <testcase name="InverseRateEqualsAppliedRate" time="0.661" classname="com.worldfirst.it.fundsInToRecipients.InverseRateEqualsAppliedRateTest"/>
</testsuite> <!-- com.worldfirst.it.fundsInToRecipients.InverseRateEqualsAppliedRateTest -->
