<?xml version="1.0" encoding="UTF-8"?>
<!-- Generated by org.testng.reporters.JUnitReportReporter -->
<testsuite skipped="0" hostname="WFMAC22.local" name="com.worldfirst.it.fundsInToRecipients.AppliedRateEqualsRateTest" tests="1" failures="0" timestamp="01 Jun 2018 14:39:04 GMT" time="3.101" errors="0">
  <testcase name="appliedRateEqualsRate" time="3.101" classname="com.worldfirst.it.fundsInToRecipients.AppliedRateEqualsRateTest"/>
</testsuite> <!-- com.worldfirst.it.fundsInToRecipients.AppliedRateEqualsRateTest -->
