<?xml version="1.0" encoding="UTF-8"?>
<!-- Generated by org.testng.reporters.JUnitReportReporter -->
<testsuite skipped="0" hostname="WFMAC22.local" name="com.worldfirst.it.fundsInToRecipients.RateEqualsAppliedRateTest" tests="1" failures="0" timestamp="05 Jun 2018 13:49:00 GMT" time="3.226" errors="0">
  <testcase name="appliedRateEqualsRate" time="3.226" classname="com.worldfirst.it.fundsInToRecipients.RateEqualsAppliedRateTest"/>
</testsuite> <!-- com.worldfirst.it.fundsInToRecipients.RateEqualsAppliedRateTest -->
