<?xml version="1.0" encoding="UTF-8"?>
<!-- Generated by org.testng.reporters.JUnitReportReporter -->
<testsuite skipped="0" hostname="WFMAC22.local" name="com.worldfirst.it.receivingBankTest.USCCitiBankTest" tests="2" failures="0" timestamp="08 Jun 2018 16:36:41 GMT" time="0.925" errors="0">
  <testcase name="bookUSCCitiBankTest" time="0.206" classname="com.worldfirst.it.receivingBankTest.USCCitiBankTest"/>
  <testcase name="quoteUSCCitiBankTest" time="0.719" classname="com.worldfirst.it.receivingBankTest.USCCitiBankTest"/>
</testsuite> <!-- com.worldfirst.it.receivingBankTest.USCCitiBankTest -->
