<?xml version="1.0" encoding="UTF-8"?>
<!-- Generated by org.testng.reporters.JUnitReportReporter -->
<testsuite skipped="0" hostname="WFMAC22.local" name="com.worldfirst.it.settlementMethods.USClientSendingVariousCurrencies" tests="6" failures="0" timestamp="08 Jun 2018 16:36:41 GMT" time="1.212" errors="0">
  <testcase name="USClientSendsCADTest" time="0.227" classname="com.worldfirst.it.settlementMethods.USClientSendingVariousCurrencies"/>
  <testcase name="USClientSendsUSDTest" time="0.190" classname="com.worldfirst.it.settlementMethods.USClientSendingVariousCurrencies"/>
  <testcase name="USClientSendsAUDTest" time="0.280" classname="com.worldfirst.it.settlementMethods.USClientSendingVariousCurrencies"/>
  <testcase name="USClientSendsPLNTest" time="0.150" classname="com.worldfirst.it.settlementMethods.USClientSendingVariousCurrencies"/>
  <testcase name="USClientSendsGBPTest" time="0.184" classname="com.worldfirst.it.settlementMethods.USClientSendingVariousCurrencies"/>
  <testcase name="USClientSendsEURTest" time="0.181" classname="com.worldfirst.it.settlementMethods.USClientSendingVariousCurrencies"/>
</testsuite> <!-- com.worldfirst.it.settlementMethods.USClientSendingVariousCurrencies -->
