<?xml version="1.0" encoding="UTF-8"?>
<!-- Generated by org.testng.reporters.JUnitReportReporter -->
<testsuite skipped="0" hostname="WFMAC22.local" name="com.worldfirst.it.fundsInToRecipients.QuoteAndBookTest" tests="2" failures="0" timestamp="08 Jun 2018 16:36:41 GMT" time="1.045" errors="0">
  <testcase name="bookAQuoteTest" time="0.224" classname="com.worldfirst.it.fundsInToRecipients.QuoteAndBookTest"/>
  <testcase name="requestAQuoteTest" time="0.821" classname="com.worldfirst.it.fundsInToRecipients.QuoteAndBookTest"/>
</testsuite> <!-- com.worldfirst.it.fundsInToRecipients.QuoteAndBookTest -->
