<?xml version="1.0" encoding="UTF-8"?>
<!-- Generated by org.testng.reporters.JUnitReportReporter -->
<testsuite skipped="0" hostname="WFMAC22.local" name="com.worldfirst.it.fundsInToRecipients.QuoteAndBookTest" tests="2" failures="0" timestamp="25 Jun 2018 07:59:03 GMT" time="1.478" errors="0">
  <testcase name="bookAQuoteTest" time="0.370" classname="com.worldfirst.it.fundsInToRecipients.QuoteAndBookTest"/>
  <testcase name="requestAQuoteTest" time="1.108" classname="com.worldfirst.it.fundsInToRecipients.QuoteAndBookTest"/>
</testsuite> <!-- com.worldfirst.it.fundsInToRecipients.QuoteAndBookTest -->
